{
  "RSpec": {
    "coverage": {
      "/home/pupirev/RubymineProjects/socket_chat/config/environment.rb": [
        null,
        1,
        null,
        null,
        1
      ],
      "/home/pupirev/RubymineProjects/socket_chat/config/application.rb": [
        1,
        null,
        1,
        null,
        null,
        null,
        1,
        null,
        1,
        1,
        null,
        1,
        null,
        null,
        null,
        null,
        null,
        null
      ],
      "/home/pupirev/RubymineProjects/socket_chat/config/boot.rb": [
        1,
        null,
        1
      ],
      "/home/pupirev/RubymineProjects/socket_chat/config/spring.rb": [
        null,
        null,
        null,
        null,
        null,
        5
      ],
      "/home/pupirev/RubymineProjects/socket_chat/config/environments/test.rb": [
        1,
        null,
        null,
        null,
        null,
        null,
        null,
        1,
        null,
        null,
        null,
        null,
        1,
        null,
        null,
        1,
        1,
        null,
        null,
        null,
        null,
        1,
        1,
        null,
        null,
        1,
        null,
        null,
        1,
        1,
        null,
        null,
        null,
        null,
        1,
        null,
        null,
        1,
        null,
        null,
        null,
        null
      ],
      "/home/pupirev/RubymineProjects/socket_chat/config/initializers/application_controller_renderer.rb": [
        null,
        null,
        null,
        null,
        null,
        null,
        null,
        null
      ],
      "/home/pupirev/RubymineProjects/socket_chat/config/initializers/assets.rb": [
        null,
        null,
        null,
        1,
        null,
        null,
        null,
        null,
        1,
        null,
        null,
        null,
        null,
        null
      ],
      "/home/pupirev/RubymineProjects/socket_chat/config/initializers/backtrace_silencers.rb": [
        null,
        null,
        null,
        null,
        null,
        null,
        null
      ],
      "/home/pupirev/RubymineProjects/socket_chat/config/initializers/cookies_serializer.rb": [
        null,
        null,
        null,
        null,
        1
      ],
      "/home/pupirev/RubymineProjects/socket_chat/config/initializers/devise.rb": [
        null,
        null,
        null,
        null,
        1,
        null,
        null,
        null,
        null,
        null,
        null,
        null,
        null,
        null,
        null,
        null,
        null,
        null,
        null,
        null,
        1,
        null,
        null,
        null,
        null,
        null,
        null,
        null,
        null,
        null,
        null,
        null,
        1,
        null,
        null,
        null,
        1,
        null,
        null,
        null,
        null,
        null,
        null,
        null,
        null,
        null,
        null,
        null,
        null,
        null,
        null,
        null,
        null,
        null,
        null,
        null,
        1,
        null,
        null,
        null,
        null,
        1,
        null,
        null,
        null,
        null,
        null,
        null,
        null,
        null,
        null,
        null,
        null,
        null,
        null,
        null,
        null,
        null,
        null,
        null,
        null,
        null,
        null,
        null,
        null,
        null,
        null,
        null,
        null,
        null,
        null,
        null,
        1,
        null,
        null,
        null,
        null,
        null,
        null,
        null,
        null,
        null,
        null,
        null,
        null,
        null,
        null,
        null,
        null,
        null,
        null,
        null,
        null,
        null,
        null,
        1,
        null,
        null,
        null,
        null,
        null,
        null,
        null,
        null,
        null,
        null,
        null,
        null,
        null,
        null,
        null,
        null,
        null,
        null,
        null,
        null,
        null,
        null,
        null,
        null,
        null,
        null,
        null,
        null,
        null,
        null,
        1,
        null,
        null,
        null,
        null,
        null,
        null,
        null,
        null,
        null,
        1,
        null,
        null,
        null,
        null,
        null,
        null,
        null,
        null,
        null,
        null,
        1,
        null,
        null,
        null,
        null,
        1,
        null,
        null,
        null,
        null,
        null,
        null,
        null,
        null,
        null,
        null,
        null,
        null,
        null,
        null,
        null,
        null,
        null,
        null,
        null,
        null,
        null,
        null,
        null,
        null,
        null,
        null,
        null,
        null,
        null,
        null,
        null,
        null,
        null,
        null,
        null,
        null,
        null,
        null,
        null,
        null,
        1,
        null,
        null,
        null,
        null,
        null,
        null,
        null,
        null,
        null,
        null,
        null,
        null,
        null,
        null,
        null,
        null,
        null,
        null,
        null,
        null,
        null,
        null,
        null,
        null,
        null,
        null,
        null,
        null,
        null,
        null,
        null,
        null,
        null,
        null,
        null,
        null,
        null,
        null,
        null,
        null,
        null,
        1,
        null,
        null,
        null,
        null,
        null,
        null,
        null,
        null,
        null,
        null,
        null,
        null,
        null,
        null,
        null,
        null,
        null,
        null,
        null,
        null,
        null,
        null,
        null,
        null,
        null,
        null,
        null,
        null,
        null
      ],
      "/home/pupirev/RubymineProjects/socket_chat/config/initializers/filter_parameter_logging.rb": [
        null,
        null,
        null,
        1
      ],
      "/home/pupirev/RubymineProjects/socket_chat/config/initializers/inflections.rb": [
        null,
        null,
        null,
        null,
        null,
        null,
        null,
        null,
        null,
        null,
        null,
        null,
        null,
        null,
        null,
        null
      ],
      "/home/pupirev/RubymineProjects/socket_chat/config/initializers/mime_types.rb": [
        null,
        null,
        null,
        null
      ],
      "/home/pupirev/RubymineProjects/socket_chat/config/initializers/wrap_parameters.rb": [
        null,
        null,
        null,
        null,
        null,
        null,
        1,
        2,
        null,
        null,
        null,
        null,
        null,
        null
      ],
      "/home/pupirev/RubymineProjects/socket_chat/spec/factories/chat_room.rb": [
        1,
        1,
        1,
        null,
        null
      ],
      "/home/pupirev/RubymineProjects/socket_chat/spec/factories/message.rb": [
        1,
        1,
        1,
        null,
        null
      ],
      "/home/pupirev/RubymineProjects/socket_chat/spec/factories/multi_user_membership.rb": [
        1,
        1,
        null,
        null
      ],
      "/home/pupirev/RubymineProjects/socket_chat/spec/factories/multi_user_messages.rb": [
        1,
        1,
        1,
        null,
        null
      ],
      "/home/pupirev/RubymineProjects/socket_chat/spec/factories/multi_user_private_chat_room.rb": [
        1,
        1,
        1,
        null,
        null
      ],
      "/home/pupirev/RubymineProjects/socket_chat/spec/factories/private_chat_room.rb": [
        1,
        1,
        1,
        null,
        null
      ],
      "/home/pupirev/RubymineProjects/socket_chat/spec/factories/user.rb": [
        1,
        1,
        45,
        45,
        1,
        1,
        null,
        null
      ],
      "/home/pupirev/RubymineProjects/socket_chat/config/routes.rb": [
        1,
        1,
        1,
        1,
        1,
        1,
        1,
        1,
        1,
        1,
        null
      ],
      "/home/pupirev/RubymineProjects/socket_chat/app/models/user.rb": [
        1,
        null,
        1,
        1,
        1,
        1,
        null,
        1,
        null,
        null,
        1,
        1,
        null,
        1,
        1,
        1,
        null,
        1,
        1,
        1,
        null,
        1,
        1,
        1,
        1,
        1,
        null,
        1,
        0,
        0,
        0,
        0,
        0,
        null,
        null,
        null,
        1,
        1,
        1,
        null,
        null,
        null,
        1,
        2,
        null,
        null,
        null,
        null,
        null,
        null,
        null,
        null,
        null,
        null,
        null,
        1,
        0,
        null,
        null,
        1,
        1
      ],
      "/home/pupirev/RubymineProjects/socket_chat/app/models/application_record.rb": [
        1,
        1,
        null
      ],
      "/home/pupirev/RubymineProjects/socket_chat/app/uploaders/avatar_uploader.rb": [
        1,
        null,
        null,
        1,
        null,
        null,
        1,
        null,
        null,
        null,
        null,
        1,
        0,
        null,
        null,
        null,
        null,
        null,
        null,
        null,
        null,
        null,
        null,
        null,
        null,
        null,
        null,
        null,
        null,
        null,
        null,
        null,
        null,
        null,
        null,
        null,
        null,
        1,
        0,
        null,
        null,
        null,
        null,
        null,
        null,
        null,
        null
      ],
      "/home/pupirev/RubymineProjects/socket_chat/spec/support/request_spec_helper.rb": [
        1,
        null,
        1,
        null,
        1,
        9,
        9,
        null,
        null,
        1,
        6,
        null,
        null,
        1,
        0,
        null,
        null,
        1,
        null,
        1,
        6,
        null,
        null,
        null
      ],
      "/home/pupirev/RubymineProjects/socket_chat/app/helpers/application_helper.rb": [
        1,
        null
      ],
      "/home/pupirev/RubymineProjects/socket_chat/app/helpers/home_helper.rb": [
        1,
        null
      ],
      "/home/pupirev/RubymineProjects/socket_chat/app/helpers/memberships_helper.rb": [
        1,
        null
      ],
      "/home/pupirev/RubymineProjects/socket_chat/app/helpers/messages_helper.rb": [
        1,
        null
      ],
      "/home/pupirev/RubymineProjects/socket_chat/app/helpers/multi_user_memberships_helper.rb": [
        1,
        null
      ],
      "/home/pupirev/RubymineProjects/socket_chat/app/helpers/multi_user_messages_helper.rb": [
        1,
        null
      ],
      "/home/pupirev/RubymineProjects/socket_chat/app/helpers/multi_user_private_chat_rooms_helper.rb": [
        1,
        null
      ],
      "/home/pupirev/RubymineProjects/socket_chat/app/helpers/private_chat_rooms_helper.rb": [
        1,
        null
      ],
      "/home/pupirev/RubymineProjects/socket_chat/app/helpers/private_messages_helper.rb": [
        1,
        null
      ],
      "/home/pupirev/RubymineProjects/socket_chat/app/helpers/users_helper.rb": [
        1,
        null
      ],
      "/home/pupirev/RubymineProjects/socket_chat/app/controllers/chat_rooms_controller.rb": [
        1,
        1,
        2,
        null,
        null,
        1,
        5,
        null,
        null,
        1,
        2,
        2,
        2,
        2,
        null,
        0,
        null,
        null,
        null,
        1,
        2,
        2,
        null,
        null,
        1,
        null,
        1,
        2,
        null,
        null
      ],
      "/home/pupirev/RubymineProjects/socket_chat/app/controllers/application_controller.rb": [
        1,
        1,
        1,
        1,
        null,
        1,
        null,
        1,
        0,
        0,
        0,
        null,
        null
      ],
      "/home/pupirev/RubymineProjects/socket_chat/spec/controllers/multi_user_memberships_controller_spec.rb": [
        1,
        1,
        1,
        3,
        3,
        3,
        3,
        null,
        null,
        1,
        1,
        null,
        1,
        null,
        null,
        null,
        2,
        1,
        null,
        null,
        null,
        1,
        1,
        1,
        null,
        null,
        1,
        1,
        null,
        1,
        null,
        null,
        1,
        1,
        null,
        null,
        1,
        1,
        1,
        null,
        null,
        null,
        null
      ],
      "/home/pupirev/RubymineProjects/socket_chat/app/controllers/multi_user_memberships_controller.rb": [
        1,
        null,
        1,
        1,
        1,
        1,
        1,
        null,
        0,
        null,
        null,
        null,
        1,
        2,
        2,
        2,
        null,
        1,
        null,
        1,
        1,
        null,
        null
      ],
      "/home/pupirev/RubymineProjects/socket_chat/spec/controllers/multi_user_private_chat_rooms_controller_spec.rb": [
        1,
        1,
        1,
        7,
        7,
        7,
        null,
        1,
        1,
        1,
        1,
        1,
        null,
        null,
        1,
        1,
        null,
        1,
        null,
        null,
        2,
        1,
        null,
        null,
        null,
        1,
        1,
        null,
        1,
        null,
        1,
        null,
        null,
        1,
        1,
        1,
        1,
        null,
        null,
        null,
        1,
        1,
        1,
        1,
        null,
        1,
        1,
        null,
        null,
        null,
        1,
        3,
        null,
        1,
        2,
        2,
        2,
        null,
        null,
        1,
        1,
        null,
        null,
        1,
        1,
        null,
        null,
        null
      ],
      "/home/pupirev/RubymineProjects/socket_chat/app/controllers/multi_user_private_chat_rooms_controller.rb": [
        1,
        1,
        null,
        1,
        3,
        null,
        null,
        1,
        2,
        2,
        2,
        2,
        null,
        0,
        null,
        null,
        null,
        1,
        null,
        null,
        1,
        2,
        2,
        null,
        0,
        null,
        null,
        null,
        1,
        2,
        2,
        null,
        null,
        1,
        2,
        2,
        2,
        2,
        null,
        0,
        null,
        2,
        null,
        null,
        null,
        1,
        null,
        1,
        4,
        4,
        null,
        null,
        1,
        4,
        null,
        null
      ],
      "/home/pupirev/RubymineProjects/socket_chat/spec/controllers/private_chat_rooms_controller_spec.rb": [
        1,
        1,
        1,
        4,
        4,
        4,
        null,
        1,
        1,
        null,
        1,
        null,
        null,
        null,
        3,
        null,
        null,
        null,
        null,
        1,
        1,
        1,
        1,
        1,
        null,
        null,
        null,
        1,
        1,
        1,
        1,
        1,
        1,
        1,
        null,
        null,
        1,
        1,
        1,
        null,
        null
      ],
      "/home/pupirev/RubymineProjects/socket_chat/app/controllers/private_chat_rooms_controller.rb": [
        1,
        null,
        1,
        2,
        2,
        null,
        null,
        1,
        1,
        null,
        null,
        1,
        2,
        null,
        2,
        2,
        2,
        2,
        null,
        0,
        0,
        null,
        null,
        0,
        null,
        null,
        null,
        1,
        1,
        0,
        null,
        1,
        null,
        1,
        1,
        null,
        null,
        1,
        null,
        1,
        2,
        null,
        null,
        null
      ],
      "/home/pupirev/RubymineProjects/socket_chat/spec/jobs/message_broadcast_spec.rb": [
        null,
        null,
        null,
        null,
        null,
        null,
        null,
        null,
        null,
        null,
        null,
        null,
        null,
        null
      ],
      "/home/pupirev/RubymineProjects/socket_chat/spec/models/chat_room_spec.rb": [
        1,
        1,
        1,
        1,
        null,
        1,
        1,
        null,
        1,
        1,
        null,
        null,
        1,
        1,
        1,
        1,
        1,
        1,
        1,
        1,
        1,
        null,
        null,
        null
      ],
      "/home/pupirev/RubymineProjects/socket_chat/app/models/chat_room.rb": [
        1,
        1,
        1,
        1,
        null
      ],
      "/home/pupirev/RubymineProjects/socket_chat/spec/models/membership_spec.rb": [
        1,
        1,
        1,
        1,
        null,
        1,
        1,
        null,
        1,
        1,
        null,
        null
      ],
      "/home/pupirev/RubymineProjects/socket_chat/app/models/membership.rb": [
        1,
        1,
        1,
        1,
        1,
        null
      ],
      "/home/pupirev/RubymineProjects/socket_chat/spec/models/message_spec.rb": [
        1,
        1,
        null,
        1,
        1,
        null,
        null,
        1,
        1,
        null,
        null,
        1,
        1,
        null,
        1,
        1,
        null,
        null,
        1,
        1,
        null,
        1,
        1,
        1,
        1,
        1,
        1,
        1,
        1,
        1,
        1,
        1,
        1,
        1,
        1,
        1,
        null,
        null,
        null
      ],
      "/home/pupirev/RubymineProjects/socket_chat/app/models/message.rb": [
        1,
        1,
        1,
        null,
        1,
        null,
        1,
        null,
        1,
        0,
        null,
        null
      ],
      "/home/pupirev/RubymineProjects/socket_chat/spec/models/multi_user_membership_spec.rb": [
        1,
        1,
        1,
        1,
        null,
        1,
        1,
        null,
        null
      ],
      "/home/pupirev/RubymineProjects/socket_chat/app/models/multi_user_membership.rb": [
        1,
        null,
        1,
        1,
        null,
        1,
        null,
        null
      ],
      "/home/pupirev/RubymineProjects/socket_chat/spec/models/multi_user_messages_spec.rb": [
        1,
        1,
        1,
        1,
        null,
        1,
        1,
        null,
        1,
        1,
        null,
        1,
        1,
        null,
        null,
        1,
        1,
        null,
        1,
        1,
        1,
        1,
        1,
        1,
        1,
        1,
        1,
        1,
        1,
        1,
        1,
        1,
        1,
        null,
        null,
        null
      ],
      "/home/pupirev/RubymineProjects/socket_chat/app/models/multi_user_message.rb": [
        1,
        1,
        1,
        null,
        1,
        null,
        1,
        null,
        1,
        0,
        null,
        null
      ],
      "/home/pupirev/RubymineProjects/socket_chat/spec/models/multi_user_private_chat_room_spec.rb": [
        1,
        1,
        null,
        1,
        1,
        null,
        null,
        1,
        1,
        null,
        null,
        2,
        null,
        1,
        1,
        null,
        null,
        1,
        1,
        null,
        null,
        1,
        1,
        null,
        null,
        1,
        1,
        null,
        null,
        1,
        1,
        1,
        1,
        1,
        1,
        1,
        1,
        1,
        1,
        1,
        1,
        null,
        null,
        null,
        null
      ],
      "/home/pupirev/RubymineProjects/socket_chat/app/models/multi_user_private_chat_room.rb": [
        1,
        1,
        1,
        1,
        1,
        1,
        null
      ],
      "/home/pupirev/RubymineProjects/socket_chat/spec/models/private_chat_room_spec.rb": [
        1,
        1,
        null,
        1,
        1,
        null,
        1,
        1,
        null,
        2,
        1,
        1,
        null,
        1,
        1,
        null,
        1,
        1,
        null,
        1,
        1,
        null,
        1,
        1,
        null,
        null,
        1,
        1,
        1,
        1,
        1,
        1,
        1,
        1,
        1,
        1,
        1,
        1,
        null,
        null,
        null,
        null
      ],
      "/home/pupirev/RubymineProjects/socket_chat/app/models/private_chat_room.rb": [
        1,
        1,
        1,
        1,
        1,
        1,
        1,
        null,
        1,
        2,
        2,
        2,
        null,
        0,
        null,
        null,
        null
      ],
      "/home/pupirev/RubymineProjects/socket_chat/spec/models/private_message_spec.rb": [
        1,
        1,
        1,
        1,
        null,
        1,
        1,
        null,
        1,
        1,
        null,
        1,
        1,
        null,
        null,
        1,
        1,
        null,
        1,
        1,
        1,
        1,
        1,
        1,
        1,
        1,
        1,
        1,
        1,
        1,
        1,
        1,
        1,
        null,
        null,
        null
      ],
      "/home/pupirev/RubymineProjects/socket_chat/app/models/private_message.rb": [
        1,
        1,
        1,
        null,
        1,
        null,
        1,
        null,
        1,
        0,
        null,
        null
      ],
      "/home/pupirev/RubymineProjects/socket_chat/spec/models/user_spec.rb": [
        1,
        1,
        1,
        null,
        1,
        1,
        null,
        1,
        1,
        null,
        1,
        1,
        null,
        null,
        1,
        1,
        null,
        1,
        1,
        null,
        2,
        null,
        2,
        null,
        1,
        1,
        1,
        1,
        1,
        null,
        null
      ],
      "/home/pupirev/RubymineProjects/socket_chat/spec/requests/chat_room_management_spec.rb": [
        1,
        1,
        1,
        2,
        2,
        null,
        1,
        1,
        1,
        1,
        null,
        1,
        1,
        1,
        1,
        null,
        null,
        1,
        1,
        1,
        null,
        null
      ],
      "/home/pupirev/RubymineProjects/socket_chat/spec/requests/multi_user_private_chat_room_spec.rb": [
        1,
        1,
        1,
        2,
        2,
        2,
        null,
        1,
        1,
        1,
        1,
        null,
        null,
        1,
        1,
        1,
        1,
        null,
        null,
        1,
        1,
        1,
        null,
        null
      ],
      "/home/pupirev/RubymineProjects/socket_chat/spec/requests/private_chat_room_management_spec.rb": [
        1,
        1,
        1,
        2,
        2,
        2,
        null,
        1,
        1,
        1,
        1,
        null,
        1,
        1,
        1,
        1,
        null,
        null,
        1,
        1,
        1,
        null,
        null
      ],
      "/home/pupirev/RubymineProjects/socket_chat/spec/routing/chat_room_routing_spec.rb": [
        1,
        1,
        1,
        1,
        null,
        null,
        1,
        1,
        null,
        null,
        null,
        1,
        1,
        null,
        null,
        1,
        1,
        null,
        null,
        null
      ],
      "/home/pupirev/RubymineProjects/socket_chat/spec/routing/multi_user_membership_routing_spec.rb": [

      ],
      "/home/pupirev/RubymineProjects/socket_chat/spec/routing/multi_user_private_chat_room_routing_spec.rb": [
        1,
        1,
        1,
        1,
        null,
        null,
        1,
        1,
        null,
        null,
        null,
        1,
        1,
        null,
        null,
        1,
        1,
        null,
        null,
        1,
        1,
        null,
        null,
        null,
        null,
        null
      ],
      "/home/pupirev/RubymineProjects/socket_chat/spec/routing/private_chat_room_routing_spec.rb": [
        1,
        1,
        1,
        1,
        null,
        null,
        1,
        1,
        null,
        null,
        null,
        1,
        1,
        null,
        null,
        1,
        1,
        null,
        null,
        1,
        1,
        null,
        null,
        null,
        null
      ]
    },
    "timestamp": 1524561711
  }
}
